*** Using Compiler 'V5.05 update 1 (build 106)', folder: 'D:\Keil_v5\ARM\ARMCC\Bin'
Build target 'Target 1'
compiling stm32f10x_it.c...
compiling system_stm32f10x.c...
compiling main.c...
compiling delay.c...
compiling matrixKey.c...
compiling sys.c...
compiling usart.c...
compiling tim.c...
compiling core_cm3.c...
compiling adc.c...
assembling startup_stm32f10x_md.s...
compiling gpio.c...
compiling stm32f10x_gpio.c...
compiling stm32f10x_rcc.c...
compiling stm32f10x_usart.c...
compiling misc.c...
compiling stm32f10x_adc.c...
compiling stm32f10x_tim.c...
compiling stm32f10x_exti.c...
compiling stm32f10x_dma.c...
compiling stm32f10x_flash.c...
compiling mui.c...
compiling u8g2_bitmap.c...
compiling u8g2_box.c...
compiling mui_u8g2.c...
compiling u8g2_buffer.c...
compiling u8g2_button.c...
compiling u8g2_cleardisplay.c...
compiling u8g2_circle.c...
compiling u8g2_d_memory.c...
compiling u8g2_d_setup.c...
compiling u8g2_font.c...
compiling u8g2_hvline.c...
compiling u8g2_input_value.c...
compiling u8g2_intersection.c...
compiling u8g2_kerning.c...
compiling u8g2_line.c...
compiling u8g2_ll_hvline.c...
compiling u8g2_message.c...
compiling u8g2_polygon.c...
compiling u8g2_selection_list.c...
compiling u8log.c...
compiling u8g2_setup.c...
compiling u8log_u8x8.c...
compiling u8log_u8g2.c...
compiling u8x8_8x8.c...
compiling u8x8_byte.c...
compiling u8x8_cad.c...
compiling u8x8_capture.c...
..\HARDWARE\U8g2_V2.0.0\u8x8_capture.c(254): warning:  #1-D: last line of file ends without a newline
  #endif
..\HARDWARE\U8g2_V2.0.0\u8x8_capture.c: 1 warning, 0 errors
compiling u8x8_d_ssd1306_128x64_noname.c...
compiling u8x8_debounce.c...
compiling u8x8_display.c...
..\HARDWARE\U8g2_V2.0.0\u8x8_display.c(203): warning:  #1-D: last line of file ends without a newline
  }
..\HARDWARE\U8g2_V2.0.0\u8x8_display.c: 1 warning, 0 errors
compiling u8x8_gpio.c...
..\HARDWARE\U8g2_V2.0.0\u8x8_gpio.c(50): warning:  #1-D: last line of file ends without a newline
  */
..\HARDWARE\U8g2_V2.0.0\u8x8_gpio.c: 1 warning, 0 errors
compiling u8x8_input_value.c...
compiling u8x8_fonts.c...
compiling u8x8_message.c...
compiling u8x8_selection_list.c...
compiling u8x8_setup.c...
compiling u8x8_u8toa.c...
compiling u8x8_string.c...
compiling u8x8_u16toa.c...
..\HARDWARE\U8g2_V2.0.0\u8x8_u16toa.c(77): warning:  #1-D: last line of file ends without a newline
  }
..\HARDWARE\U8g2_V2.0.0\u8x8_u16toa.c: 1 warning, 0 errors
compiling u8g2_menu.c...
compiling u8g2_fonts.c...
compiling IIC_OLED.c...
compiling u8g2_meun_effect.c...
compiling u8g2_meun_selector.c...
compiling u8g2_meun_drawStr.c...
compiling u8g2_meun_drawValueBar.c...
compiling u8g2_meun_drawChart.c...
compiling u8g2_meun_drawPic.c...
compiling u8g2_meun_itemValue.c...
compiling u8g2_meun_keys.c...
compiling u8g2_meun_layer.c...
linking...
Program Size: Code=22246 RO-data=4182 RW-data=76 ZI-data=10020  
FromELF: creating hex file...
"..\OBJ\LED.axf" - 0 Error(s), 4 Warning(s).
Build Time Elapsed:  00:00:17
